# JRE version: OpenJDK Runtime Environment (8.0_152-b06) (build 1.8.0_152-release-1136-b06)
# Java VM: OpenJDK 64-Bit Server VM (25.152-b06 mixed mode windows-amd64 compressed oops)
Heap:
 PSYoungGen      total 173056K, used 86706K [0x00000000e0000000, 0x00000000ec780000, 0x0000000100000000)
  eden space 155648K, 44% used [0x00000000e0000000,0x00000000e43afc90,0x00000000e9800000)
  from space 17408K, 99% used [0x00000000ead00000,0x00000000ebdfcdd8,0x00000000ebe00000)
  to   space 21504K, 0% used [0x00000000e9800000,0x00000000e9800000,0x00000000ead00000)
 ParOldGen       total 67584K, used 45428K [0x00000000a0000000, 0x00000000a4200000, 0x00000000e0000000)
  object space 67584K, 67% used [0x00000000a0000000,0x00000000a2c5d128,0x00000000a4200000)
 Metaspace       used 74261K, capacity 76712K, committed 76888K, reserved 1116160K
  class space    used 9736K, capacity 10293K, committed 10368K, reserved 1048576K
GC Heap History (10 events):
Event: 45.307 GC heap before
{Heap before GC invocations=19 (full 2):
 PSYoungGen      total 133632K, used 127953K [0x00000000e0000000, 0x00000000e9000000, 0x0000000100000000)
  eden space 122368K, 100% used [0x00000000e0000000,0x00000000e7780000,0x00000000e7780000)
  from space 11264K, 49% used [0x00000000e8200000,0x00000000e87745f8,0x00000000e8d00000)
  to   space 10752K, 0% used [0x00000000e7780000,0x00000000e7780000,0x00000000e8200000)
 ParOldGen       total 36864K, used 25896K [0x00000000a0000000, 0x00000000a2400000, 0x00000000e0000000)
  object space 36864K, 70% used [0x00000000a0000000,0x00000000a194a070,0x00000000a2400000)
 Metaspace       used 53114K, capacity 54588K, committed 54744K, reserved 1095680K
  class space    used 7229K, capacity 7627K, committed 7680K, reserved 1048576K
Event: 45.387 GC heap after
Heap after GC invocations=19 (full 2):
 PSYoungGen      total 133120K, used 8474K [0x00000000e0000000, 0x00000000ea480000, 0x0000000100000000)
  eden space 122368K, 0% used [0x00000000e0000000,0x00000000e0000000,0x00000000e7780000)
  from space 10752K, 78% used [0x00000000e7780000,0x00000000e7fc6958,0x00000000e8200000)
  to   space 11776K, 0% used [0x00000000e9900000,0x00000000e9900000,0x00000000ea480000)
 ParOldGen       total 36864K, used 28988K [0x00000000a0000000, 0x00000000a2400000, 0x00000000e0000000)
  object space 36864K, 78% used [0x00000000a0000000,0x00000000a1c4f1b8,0x00000000a2400000)
 Metaspace       used 53114K, capacity 54588K, committed 54744K, reserved 1095680K
  class space    used 7229K, capacity 7627K, committed 7680K, reserved 1048576K
}
Event: 61.703 GC heap before
{Heap before GC invocations=20 (full 2):
 PSYoungGen      total 133120K, used 130842K [0x00000000e0000000, 0x00000000ea480000, 0x0000000100000000)
  eden space 122368K, 100% used [0x00000000e0000000,0x00000000e7780000,0x00000000e7780000)
  from space 10752K, 78% used [0x00000000e7780000,0x00000000e7fc6958,0x00000000e8200000)
  to   space 11776K, 0% used [0x00000000e9900000,0x00000000e9900000,0x00000000ea480000)
 ParOldGen       total 36864K, used 28988K [0x00000000a0000000, 0x00000000a2400000, 0x00000000e0000000)
  object space 36864K, 78% used [0x00000000a0000000,0x00000000a1c4f1b8,0x00000000a2400000)
 Metaspace       used 56321K, capacity 57780K, committed 57944K, reserved 1099776K
  class space    used 7605K, capacity 7971K, committed 8064K, reserved 1048576K
Event: 62.038 GC heap after
Heap after GC invocations=20 (full 2):
 PSYoungGen      total 152064K, used 11757K [0x00000000e0000000, 0x00000000eae00000, 0x0000000100000000)
  eden space 140288K, 0% used [0x00000000e0000000,0x00000000e0000000,0x00000000e8900000)
  from space 11776K, 99% used [0x00000000e9900000,0x00000000ea47b7b8,0x00000000ea480000)
  to   space 16384K, 0% used [0x00000000e8900000,0x00000000e8900000,0x00000000e9900000)
 ParOldGen       total 36864K, used 36384K [0x00000000a0000000, 0x00000000a2400000, 0x00000000e0000000)
  object space 36864K, 98% used [0x00000000a0000000,0x00000000a23882e8,0x00000000a2400000)
 Metaspace       used 56321K, capacity 57780K, committed 57944K, reserved 1099776K
  class space    used 7605K, capacity 7971K, committed 8064K, reserved 1048576K
}
Event: 62.039 GC heap before
{Heap before GC invocations=21 (full 3):
 PSYoungGen      total 152064K, used 11757K [0x00000000e0000000, 0x00000000eae00000, 0x0000000100000000)
  eden space 140288K, 0% used [0x00000000e0000000,0x00000000e0000000,0x00000000e8900000)
  from space 11776K, 99% used [0x00000000e9900000,0x00000000ea47b7b8,0x00000000ea480000)
  to   space 16384K, 0% used [0x00000000e8900000,0x00000000e8900000,0x00000000e9900000)
 ParOldGen       total 36864K, used 36384K [0x00000000a0000000, 0x00000000a2400000, 0x00000000e0000000)
  object space 36864K, 98% used [0x00000000a0000000,0x00000000a23882e8,0x00000000a2400000)
 Metaspace       used 56321K, capacity 57780K, committed 57944K, reserved 1099776K
  class space    used 7605K, capacity 7971K, committed 8064K, reserved 1048576K
Event: 63.912 GC heap after
Heap after GC invocations=21 (full 3):
 PSYoungGen      total 152064K, used 5056K [0x00000000e0000000, 0x00000000eae00000, 0x0000000100000000)
  eden space 140288K, 0% used [0x00000000e0000000,0x00000000e0000000,0x00000000e8900000)
  from space 11776K, 42% used [0x00000000e9900000,0x00000000e9df02f0,0x00000000ea480000)
  to   space 16384K, 0% used [0x00000000e8900000,0x00000000e8900000,0x00000000e9900000)
 ParOldGen       total 67584K, used 36744K [0x00000000a0000000, 0x00000000a4200000, 0x00000000e0000000)
  object space 67584K, 54% used [0x00000000a0000000,0x00000000a23e2128,0x00000000a4200000)
 Metaspace       used 56321K, capacity 57780K, committed 57944K, reserved 1099776K
  class space    used 7605K, capacity 7971K, committed 8064K, reserved 1048576K
}
Event: 100.387 GC heap before
{Heap before GC invocations=22 (full 3):
 PSYoungGen      total 152064K, used 145344K [0x00000000e0000000, 0x00000000eae00000, 0x0000000100000000)
  eden space 140288K, 100% used [0x00000000e0000000,0x00000000e8900000,0x00000000e8900000)
  from space 11776K, 42% used [0x00000000e9900000,0x00000000e9df02f0,0x00000000ea480000)
  to   space 16384K, 0% used [0x00000000e8900000,0x00000000e8900000,0x00000000e9900000)
 ParOldGen       total 67584K, used 36744K [0x00000000a0000000, 0x00000000a4200000, 0x00000000e0000000)
  object space 67584K, 54% used [0x00000000a0000000,0x00000000a23e2128,0x00000000a4200000)
 Metaspace       used 63388K, capacity 64930K, committed 65112K, reserved 1105920K
  class space    used 8450K, capacity 8832K, committed 8832K, reserved 1048576K
Event: 100.668 GC heap after
Heap after GC invocations=22 (full 3):
 PSYoungGen      total 156672K, used 11613K [0x00000000e0000000, 0x00000000ebe00000, 0x0000000100000000)
  eden space 140288K, 0% used [0x00000000e0000000,0x00000000e0000000,0x00000000e8900000)
  from space 16384K, 70% used [0x00000000e8900000,0x00000000e9457508,0x00000000e9900000)
  to   space 17408K, 0% used [0x00000000ead00000,0x00000000ead00000,0x00000000ebe00000)
 ParOldGen       total 67584K, used 41841K [0x00000000a0000000, 0x00000000a4200000, 0x00000000e0000000)
  object space 67584K, 61% used [0x00000000a0000000,0x00000000a28dc608,0x00000000a4200000)
 Metaspace       used 63388K, capacity 64930K, committed 65112K, reserved 1105920K
  class space    used 8450K, capacity 8832K, committed 8832K, reserved 1048576K
}
Event: 113.243 GC heap before
{Heap before GC invocations=23 (full 3):
 PSYoungGen      total 156672K, used 151901K [0x00000000e0000000, 0x00000000ebe00000, 0x0000000100000000)
  eden space 140288K, 100% used [0x00000000e0000000,0x00000000e8900000,0x00000000e8900000)
  from space 16384K, 70% used [0x00000000e8900000,0x00000000e9457508,0x00000000e9900000)
  to   space 17408K, 0% used [0x00000000ead00000,0x00000000ead00000,0x00000000ebe00000)
 ParOldGen       total 67584K, used 41841K [0x00000000a0000000, 0x00000000a4200000, 0x00000000e0000000)
  object space 67584K, 61% used [0x00000000a0000000,0x00000000a28dc608,0x00000000a4200000)
 Metaspace       used 71821K, capacity 73786K, committed 73944K, reserved 1114112K
  class space    used 9399K, capacity 9910K, committed 9984K, reserved 1048576K
Event: 113.526 GC heap after
Heap after GC invocations=23 (full 3):
 PSYoungGen      total 173056K, used 17395K [0x00000000e0000000, 0x00000000ec780000, 0x0000000100000000)
  eden space 155648K, 0% used [0x00000000e0000000,0x00000000e0000000,0x00000000e9800000)
  from space 17408K, 99% used [0x00000000ead00000,0x00000000ebdfcdd8,0x00000000ebe00000)
  to   space 21504K, 0% used [0x00000000e9800000,0x00000000e9800000,0x00000000ead00000)
 ParOldGen       total 67584K, used 45428K [0x00000000a0000000, 0x00000000a4200000, 0x00000000e0000000)
  object space 67584K, 67% used [0x00000000a0000000,0x00000000a2c5d128,0x00000000a4200000)
 Metaspace       used 71821K, capacity 73786K, committed 73944K, reserved 1114112K
  class space    used 9399K, capacity 9910K, committed 9984K, reserved 1048576K
}

